#-----------------------------------------------------------
# Vivado v2018.3 (64-bit)
# SW Build 2405991 on Thu Dec  6 23:38:27 MST 2018
# IP Build 2404404 on Fri Dec  7 01:43:56 MST 2018
# Start of session at: Wed Jul 21 13:58:03 2021
# Process ID: 9068
# Current directory: D:/code/RISCV/pipeline
# Command line: vivado.exe -gui_launcher_event rodinguilauncherevent20996 D:\code\RISCV\pipeline\pipeline.xpr
# Log file: D:/code/RISCV/pipeline/vivado.log
# Journal file: D:/code/RISCV/pipeline\vivado.jou
#-----------------------------------------------------------
start_gui
open_project D:/code/RISCV/pipeline/pipeline.xpr
CRITICAL WARNING: [Project 1-19] Could not find the file 'D:/code/RISCV/pipeline/pipeline.srcs/sources_1/imports/new/miniRv.v'.
Scanning sources...
Finished scanning sources
INFO: [IP_Flow 19-234] Refreshing IP repositories
INFO: [IP_Flow 19-1704] No user IP repositories specified
INFO: [IP_Flow 19-2313] Loaded Vivado IP repository 'D:/code/Xilinx/Vivado/2018.3/data/ip'.
open_project: Time (s): cpu = 00:00:14 ; elapsed = 00:00:06 . Memory (MB): peak = 715.520 ; gain = 92.598
update_compile_order -fileset sources_1
update_compile_order -fileset sources_1
export_ip_user_files -of_objects  [get_files D:/code/RISCV/pipeline/pipeline.srcs/sources_1/imports/new/miniRv.v] -no_script -reset -force -quiet
remove_files  D:/code/RISCV/pipeline/pipeline.srcs/sources_1/imports/new/miniRv.v
WARNING: [filemgmt 20-1445] Cannot import file 'D:/code/RISCV/pipeline/pipeline.srcs/sources_1/imports/new/top.v' on top of itself. Importing a file from the imported source directory can cause this problem.
add_files -norecurse D:/code/RISCV/pipeline/pipeline.srcs/sources_1/imports/new/top.v
update_compile_order -fileset sources_1
update_compile_order -fileset sources_1
WARNING: [filemgmt 20-1445] Cannot import file 'D:/code/RISCV/pipeline/pipeline.srcs/sources_1/imports/new/ALU.v' on top of itself. Importing a file from the imported source directory can cause this problem.
WARNING: [filemgmt 20-1445] Cannot import file 'D:/code/RISCV/pipeline/pipeline.srcs/sources_1/imports/new/NPC.v' on top of itself. Importing a file from the imported source directory can cause this problem.
WARNING: [filemgmt 20-1445] Cannot import file 'D:/code/RISCV/pipeline/pipeline.srcs/sources_1/imports/new/top.v' on top of itself. Importing a file from the imported source directory can cause this problem.
WARNING: [filemgmt 20-1445] Cannot import file 'D:/code/RISCV/pipeline/pipeline.srcs/sources_1/imports/new/Mux_wb.v' on top of itself. Importing a file from the imported source directory can cause this problem.
WARNING: [filemgmt 20-1445] Cannot import file 'D:/code/RISCV/pipeline/pipeline.srcs/sources_1/imports/new/Mux_wd.v' on top of itself. Importing a file from the imported source directory can cause this problem.
WARNING: [filemgmt 20-1445] Cannot import file 'D:/code/RISCV/pipeline/pipeline.srcs/sources_1/imports/new/EX2MEM.v' on top of itself. Importing a file from the imported source directory can cause this problem.
WARNING: [filemgmt 20-1445] Cannot import file 'D:/code/RISCV/pipeline/pipeline.srcs/sources_1/imports/new/PC.v' on top of itself. Importing a file from the imported source directory can cause this problem.
WARNING: [filemgmt 20-1445] Cannot import file 'D:/code/RISCV/pipeline/pipeline.srcs/sources_1/imports/new/IROM.v' on top of itself. Importing a file from the imported source directory can cause this problem.
WARNING: [filemgmt 20-1445] Cannot import file 'D:/code/RISCV/pipeline/pipeline.srcs/sources_1/imports/new/PARAM.v' on top of itself. Importing a file from the imported source directory can cause this problem.
WARNING: [filemgmt 20-1445] Cannot import file 'D:/code/RISCV/pipeline/pipeline.srcs/sources_1/imports/new/IF2ID.v' on top of itself. Importing a file from the imported source directory can cause this problem.
WARNING: [filemgmt 20-1445] Cannot import file 'D:/code/RISCV/pipeline/pipeline.srcs/sources_1/imports/new/MEM2WB.v' on top of itself. Importing a file from the imported source directory can cause this problem.
WARNING: [filemgmt 20-1445] Cannot import file 'D:/code/RISCV/pipeline/pipeline.srcs/sources_1/imports/new/Mux_Imm.v' on top of itself. Importing a file from the imported source directory can cause this problem.
WARNING: [filemgmt 20-1445] Cannot import file 'D:/code/RISCV/pipeline/pipeline.srcs/sources_1/imports/new/RegFile.v' on top of itself. Importing a file from the imported source directory can cause this problem.
WARNING: [filemgmt 20-1445] Cannot import file 'D:/code/RISCV/pipeline/pipeline.srcs/sources_1/imports/new/Control.v' on top of itself. Importing a file from the imported source directory can cause this problem.
WARNING: [filemgmt 20-1445] Cannot import file 'D:/code/RISCV/pipeline/pipeline.srcs/sources_1/imports/new/Mux_op_A.v' on top of itself. Importing a file from the imported source directory can cause this problem.
WARNING: [filemgmt 20-1445] Cannot import file 'D:/code/RISCV/pipeline/pipeline.srcs/sources_1/imports/new/Mux_op_B.v' on top of itself. Importing a file from the imported source directory can cause this problem.
WARNING: [filemgmt 20-1445] Cannot import file 'D:/code/RISCV/pipeline/pipeline.srcs/sources_1/imports/new/ID2EX.v' on top of itself. Importing a file from the imported source directory can cause this problem.
add_files -norecurse {D:/code/RISCV/pipeline/pipeline.srcs/sources_1/imports/new/ID2EX.v D:/code/RISCV/pipeline/pipeline.srcs/sources_1/imports/new/Mux_op_B.v D:/code/RISCV/pipeline/pipeline.srcs/sources_1/imports/new/Mux_op_A.v D:/code/RISCV/pipeline/pipeline.srcs/sources_1/imports/new/Control.v D:/code/RISCV/pipeline/pipeline.srcs/sources_1/imports/new/RegFile.v D:/code/RISCV/pipeline/pipeline.srcs/sources_1/imports/new/Mux_Imm.v D:/code/RISCV/pipeline/pipeline.srcs/sources_1/imports/new/MEM2WB.v D:/code/RISCV/pipeline/pipeline.srcs/sources_1/imports/new/IF2ID.v D:/code/RISCV/pipeline/pipeline.srcs/sources_1/imports/new/PARAM.v D:/code/RISCV/pipeline/pipeline.srcs/sources_1/imports/new/IROM.v D:/code/RISCV/pipeline/pipeline.srcs/sources_1/imports/new/PC.v D:/code/RISCV/pipeline/pipeline.srcs/sources_1/imports/new/EX2MEM.v D:/code/RISCV/pipeline/pipeline.srcs/sources_1/imports/new/Mux_wd.v D:/code/RISCV/pipeline/pipeline.srcs/sources_1/imports/new/Mux_wb.v D:/code/RISCV/pipeline/pipeline.srcs/sources_1/imports/new/top.v D:/code/RISCV/pipeline/pipeline.srcs/sources_1/imports/new/NPC.v D:/code/RISCV/pipeline/pipeline.srcs/sources_1/imports/new/ALU.v}
WARNING: [filemgmt 56-12] File 'D:/code/RISCV/pipeline/pipeline.srcs/sources_1/imports/new/Mux_op_B.v' cannot be added to the project because it already exists in the project, skipping this file
WARNING: [filemgmt 56-12] File 'D:/code/RISCV/pipeline/pipeline.srcs/sources_1/imports/new/Control.v' cannot be added to the project because it already exists in the project, skipping this file
WARNING: [filemgmt 56-12] File 'D:/code/RISCV/pipeline/pipeline.srcs/sources_1/imports/new/RegFile.v' cannot be added to the project because it already exists in the project, skipping this file
WARNING: [filemgmt 56-12] File 'D:/code/RISCV/pipeline/pipeline.srcs/sources_1/imports/new/Mux_Imm.v' cannot be added to the project because it already exists in the project, skipping this file
WARNING: [filemgmt 56-12] File 'D:/code/RISCV/pipeline/pipeline.srcs/sources_1/imports/new/PARAM.v' cannot be added to the project because it already exists in the project, skipping this file
WARNING: [filemgmt 56-12] File 'D:/code/RISCV/pipeline/pipeline.srcs/sources_1/imports/new/PC.v' cannot be added to the project because it already exists in the project, skipping this file
WARNING: [filemgmt 56-12] File 'D:/code/RISCV/pipeline/pipeline.srcs/sources_1/imports/new/Mux_wd.v' cannot be added to the project because it already exists in the project, skipping this file
WARNING: [filemgmt 56-12] File 'D:/code/RISCV/pipeline/pipeline.srcs/sources_1/imports/new/Mux_wb.v' cannot be added to the project because it already exists in the project, skipping this file
WARNING: [filemgmt 56-12] File 'D:/code/RISCV/pipeline/pipeline.srcs/sources_1/imports/new/top.v' cannot be added to the project because it already exists in the project, skipping this file
WARNING: [filemgmt 56-12] File 'D:/code/RISCV/pipeline/pipeline.srcs/sources_1/imports/new/NPC.v' cannot be added to the project because it already exists in the project, skipping this file
WARNING: [filemgmt 56-12] File 'D:/code/RISCV/pipeline/pipeline.srcs/sources_1/imports/new/ALU.v' cannot be added to the project because it already exists in the project, skipping this file
update_compile_order -fileset sources_1
export_ip_user_files -of_objects  [get_files D:/code/RISCV/pipeline/pipeline.srcs/sources_1/imports/new/IROM.v] -no_script -reset -force -quiet
remove_files  D:/code/RISCV/pipeline/pipeline.srcs/sources_1/imports/new/IROM.v
file delete -force D:/code/RISCV/pipeline/pipeline.srcs/sources_1/imports/new/IROM.v
export_ip_user_files -of_objects  [get_files D:/code/RISCV/pipeline/pipeline.srcs/sources_1/imports/new/Mux_op_A.v] -no_script -reset -force -quiet
remove_files  D:/code/RISCV/pipeline/pipeline.srcs/sources_1/imports/new/Mux_op_A.v
file delete -force D:/code/RISCV/pipeline/pipeline.srcs/sources_1/imports/new/Mux_op_A.v
